0 info it worked if it ends with ok
1 verbose cli [ '/usr/local/bin/node',
1 verbose cli   '/usr/local/bin/npm',
1 verbose cli   'install',
1 verbose cli   '-g',
1 verbose cli   'node-gyp',
1 verbose cli   '-y' ]
2 info using npm@1.1.62
3 info using node@v0.8.11
4 verbose read json /usr/local/lib/package.json
5 verbose read json /usr/local/lib/package.json
6 verbose cache add [ 'node-gyp', null ]
7 silly cache add name=undefined spec="node-gyp" args=["node-gyp",null]
8 verbose parsed url { pathname: 'node-gyp', path: 'node-gyp', href: 'node-gyp' }
9 silly lockFile 54062583-node-gyp node-gyp
10 verbose lock node-gyp /home/ubuntu/.npm/54062583-node-gyp.lock
11 silly lockFile 54062583-node-gyp node-gyp
12 verbose addNamed [ 'node-gyp', '' ]
13 verbose addNamed [ null, '' ]
14 silly lockFile c0cd6589-node-gyp node-gyp@
15 verbose lock node-gyp@ /home/ubuntu/.npm/c0cd6589-node-gyp.lock
16 silly addNameRange { name: 'node-gyp', range: '', hasData: false }
17 verbose url raw node-gyp
18 verbose url resolving [ 'https://registry.npmjs.org/', './node-gyp' ]
19 verbose url resolved https://registry.npmjs.org/node-gyp
20 info trying registry request attempt 1 at 02:44:12
21 http GET https://registry.npmjs.org/node-gyp
22 info retry will retry, error on last attempt: Error: 140705151764288:error:1407742E:SSL routines:SSL23_GET_SERVER_HELLO:tlsv1 alert protocol version:../deps/openssl/openssl/ssl/s23_clnt.c:658:
23 info trying registry request attempt 2 at 02:44:23
24 http GET https://registry.npmjs.org/node-gyp
25 info retry will retry, error on last attempt: Error: 140705151764288:error:1407742E:SSL routines:SSL23_GET_SERVER_HELLO:tlsv1 alert protocol version:../deps/openssl/openssl/ssl/s23_clnt.c:658:
26 info trying registry request attempt 3 at 02:45:23
27 http GET https://registry.npmjs.org/node-gyp
28 silly lockFile c0cd6589-node-gyp node-gyp@
29 error Error: 140705151764288:error:1407742E:SSL routines:SSL23_GET_SERVER_HELLO:tlsv1 alert protocol version:../deps/openssl/openssl/ssl/s23_clnt.c:658:
29 error
29 error     at CleartextStream._puller (tls.js:649:24)
29 error     at CleartextStream.CryptoStream._pull (tls.js:583:19)
29 error     at SecurePair.cycle (tls.js:873:20)
29 error     at EncryptedStream.CryptoStream.write (tls.js:267:13)
29 error     at Socket.ondata (stream.js:38:26)
29 error     at Socket.EventEmitter.emit (events.js:93:17)
29 error     at TCP.onread (net.js:396:14)
30 error If you need help, you may report this log at:
30 error     <http://github.com/isaacs/npm/issues>
30 error or email it to:
30 error     <npm-@googlegroups.com>
31 error System Linux 4.15.0-101-generic
32 error command "/usr/local/bin/node" "/usr/local/bin/npm" "install" "-g" "node-gyp" "-y"
33 error cwd /home/ubuntu/pacote_configurador
34 error node -v v0.8.11
35 error npm -v 1.1.62
36 verbose exit [ 1, true ]
